Arguments: 
  C:\Program Files\nodejs\node.exe C:\Program Files (x86)\Yarn\bin\yarn.js add express-async-erros

PATH: 
  C:\Program Files (x86)\Common Files\Oracle\Java\javapath;C:\Program Files (x86)\Intel\Intel(R) Management Engine Components\iCLS\;C:\Program Files\Intel\Intel(R) Management Engine Components\iCLS\;C:\Windows\system32;C:\Windows;C:\Windows\System32\Wbem;C:\Windows\System32\WindowsPowerShell\v1.0\;C:\Windows\System32\OpenSSH\;C:\Program Files (x86)\Intel\Intel(R) Management Engine Components\DAL;C:\Program Files\Intel\Intel(R) Management Engine Components\DAL;C:\Program Files (x86)\Intel\Intel(R) Management Engine Components\IPT;C:\Program Files\Intel\Intel(R) Management Engine Components\IPT;C:\Program Files\PuTTY\;C:\Program Files\dotnet\;C:\Program Files\Microsoft SQL Server\130\Tools\Binn\;C:\Program Files\Microsoft SQL Server\Client SDK\ODBC\170\Tools\Binn\;C:\Program Files (x86)\Microsoft SQL Server\150\Tools\Binn\;C:\Program Files\Microsoft SQL Server\150\Tools\Binn\;C:\Program Files\Microsoft SQL Server\150\DTS\Binn\;C:\Program Files\Microsoft SQL Server\Client SDK\ODBC\130\Tools\Binn\;C:\Program Files (x86)\Microsoft SQL Server\140\Tools\Binn\;C:\Program Files\Microsoft SQL Server\140\Tools\Binn\;C:\Program Files\Microsoft SQL Server\140\DTS\Binn\;C:\ProgramData\chocolatey\bin;C:\Program Files\nodejs\;C:\Program Files (x86)\Yarn\bin\;C:\Program Files\Git\cmd;C:\Users\joao vitor\AppData\Local\Programs\Python\Python38\Scripts\;C:\Users\joao vitor\AppData\Local\Programs\Python\Python38\;C:\Users\joao vitor\AppData\Local\Microsoft\WindowsApps;C:\Users\joao vitor\AppData\Local\Programs\Microsoft VS Code\bin;C:\Users\joao vitor\AppData\Local\GitHubDesktop\bin;C:\Users\joao vitor\AppData\Local\JetBrains\PyCharm Community Edition 2019.3\bin;;C:\Users\joao vitor\AppData\Roaming\npm;C:\Users\joao vitor\AppData\Local\Yarn\bin;C:\Program Files\Docker Toolbox

Yarn version: 
  1.21.1

Node version: 
  12.14.1

Platform: 
  win32 x64

Trace: 
  Error: https://registry.yarnpkg.com/express-async-erros: Not found
      at Request.params.callback [as _callback] (C:\Program Files (x86)\Yarn\lib\cli.js:66056:18)
      at Request.self.callback (C:\Program Files (x86)\Yarn\lib\cli.js:140665:22)
      at Request.emit (events.js:223:5)
      at Request.<anonymous> (C:\Program Files (x86)\Yarn\lib\cli.js:141637:10)
      at Request.emit (events.js:223:5)
      at IncomingMessage.<anonymous> (C:\Program Files (x86)\Yarn\lib\cli.js:141559:12)
      at Object.onceWrapper (events.js:312:28)
      at IncomingMessage.emit (events.js:228:7)
      at endReadableNT (_stream_readable.js:1185:12)
      at processTicksAndRejections (internal/process/task_queues.js:81:21)

npm manifest: 
  {
    "dependencies": {
      "@sentry/node": "5.15.5"
    }
  }

yarn manifest: 
  No manifest

Lockfile: 
  # THIS IS AN AUTOGENERATED FILE. DO NOT EDIT THIS FILE DIRECTLY.
  # yarn lockfile v1
  
  
  "@sentry/apm@5.15.5":
    version "5.15.5"
    resolved "https://registry.yarnpkg.com/@sentry/apm/-/apm-5.15.5.tgz#dc0515f16405de52b3ba0d26f8a6dc2fcefe5fcc"
    integrity sha512-2PyifsiQdvFEQhbL7tQnCKGLOO1JtZeqso3bc6ARJBvKxM77mtyMo/D0C2Uzt9sXCYiALhQ1rbB1aY8iYyglpg==
    dependencies:
      "@sentry/browser" "5.15.5"
      "@sentry/hub" "5.15.5"
      "@sentry/minimal" "5.15.5"
      "@sentry/types" "5.15.5"
      "@sentry/utils" "5.15.5"
      tslib "^1.9.3"
  
  "@sentry/browser@5.15.5":
    version "5.15.5"
    resolved "https://registry.yarnpkg.com/@sentry/browser/-/browser-5.15.5.tgz#d9a51f1388581067b50d30ed9b1aed2cbb333a36"
    integrity sha512-rqDvjk/EvogfdbZ4TiEpxM/lwpPKmq23z9YKEO4q81+1SwJNua53H60dOk9HpRU8nOJ1g84TMKT2Ov8H7sqDWA==
    dependencies:
      "@sentry/core" "5.15.5"
      "@sentry/types" "5.15.5"
      "@sentry/utils" "5.15.5"
      tslib "^1.9.3"
  
  "@sentry/core@5.15.5":
    version "5.15.5"
    resolved "https://registry.yarnpkg.com/@sentry/core/-/core-5.15.5.tgz#40ea79bff5272d3fbbeeb4a98cdc59e1adbd2c92"
    integrity sha512-enxBLv5eibBMqcWyr+vApqeix8uqkfn0iGsD3piKvoMXCgKsrfMwlb/qo9Ox0lKr71qIlZVt+9/A2vZohdgnlg==
    dependencies:
      "@sentry/hub" "5.15.5"
      "@sentry/minimal" "5.15.5"
      "@sentry/types" "5.15.5"
      "@sentry/utils" "5.15.5"
      tslib "^1.9.3"
  
  "@sentry/hub@5.15.5":
    version "5.15.5"
    resolved "https://registry.yarnpkg.com/@sentry/hub/-/hub-5.15.5.tgz#f5abbcdbe656a70e2ff02c02a5a4cffa0f125935"
    integrity sha512-zX9o49PcNIVMA4BZHe//GkbQ4Jx+nVofqU/Il32/IbwKhcpPlhGX3c1sOVQo4uag3cqd/JuQsk+DML9TKkN0Lw==
    dependencies:
      "@sentry/types" "5.15.5"
      "@sentry/utils" "5.15.5"
      tslib "^1.9.3"
  
  "@sentry/minimal@5.15.5":
    version "5.15.5"
    resolved "https://registry.yarnpkg.com/@sentry/minimal/-/minimal-5.15.5.tgz#a0e4e071f01d9c4d808094ae7203f6c4cca9348a"
    integrity sha512-zQkkJ1l9AjmU/Us5IrOTzu7bic4sTPKCatptXvLSTfyKW7N6K9MPIIFeSpZf9o1yM2sRYdK7GV08wS2eCT3JYw==
    dependencies:
      "@sentry/hub" "5.15.5"
      "@sentry/types" "5.15.5"
      tslib "^1.9.3"
  
  "@sentry/node@5.15.5":
    version "5.15.5"
    resolved "https://registry.yarnpkg.com/@sentry/node/-/node-5.15.5.tgz#f64cfcf8770cc0249f48b3ef439a7efcabdcec1d"
    integrity sha512-BK0iTOiiIM0UnydLeT/uUBY1o1Sp85aqwaQRMfZbjMCsgXERLNGvzzV68FDH1cyC1nR6dREK3Gs8bxS4S54aLQ==
    dependencies:
      "@sentry/apm" "5.15.5"
      "@sentry/core" "5.15.5"
      "@sentry/hub" "5.15.5"
      "@sentry/types" "5.15.5"
      "@sentry/utils" "5.15.5"
      cookie "^0.3.1"
      https-proxy-agent "^4.0.0"
      lru_map "^0.3.3"
      tslib "^1.9.3"
  
  "@sentry/types@5.15.5":
    version "5.15.5"
    resolved "https://registry.yarnpkg.com/@sentry/types/-/types-5.15.5.tgz#16c97e464cf09bbd1d2e8ce90d130e781709076e"
    integrity sha512-F9A5W7ucgQLJUG4LXw1ZIy4iLevrYZzbeZ7GJ09aMlmXH9PqGThm1t5LSZlVpZvUfQ2rYA8NU6BdKJSt7B5LPw==
  
  "@sentry/utils@5.15.5":
    version "5.15.5"
    resolved "https://registry.yarnpkg.com/@sentry/utils/-/utils-5.15.5.tgz#dec1d4c79037c4da08b386f5d34409234dcbfb15"
    integrity sha512-Nl9gl/MGnzSkuKeo3QaefoD/OJrFLB8HmwQ7HUbTXb6E7yyEzNKAQMHXGkwNAjbdYyYbd42iABP6Y5F/h39NtA==
    dependencies:
      "@sentry/types" "5.15.5"
      tslib "^1.9.3"
  
  agent-base@5:
    version "5.1.1"
    resolved "https://registry.yarnpkg.com/agent-base/-/agent-base-5.1.1.tgz#e8fb3f242959db44d63be665db7a8e739537a32c"
    integrity sha512-TMeqbNl2fMW0nMjTEPOwe3J/PRFP4vqeoNuQMG0HlMrtm5QxKqdvAkZ1pRBQ/ulIyDD5Yq0nJ7YbdD8ey0TO3g==
  
  cookie@^0.3.1:
    version "0.3.1"
    resolved "https://registry.yarnpkg.com/cookie/-/cookie-0.3.1.tgz#e7e0a1f9ef43b4c8ba925c5c5a96e806d16873bb"
    integrity sha1-5+Ch+e9DtMi6klxcWpboBtFoc7s=
  
  debug@4:
    version "4.1.1"
    resolved "https://registry.yarnpkg.com/debug/-/debug-4.1.1.tgz#3b72260255109c6b589cee050f1d516139664791"
    integrity sha512-pYAIzeRo8J6KPEaJ0VWOh5Pzkbw/RetuzehGM7QRRX5he4fPHx2rdKMB256ehJCkX+XRQm16eZLqLNS8RSZXZw==
    dependencies:
      ms "^2.1.1"
  
  https-proxy-agent@^4.0.0:
    version "4.0.0"
    resolved "https://registry.yarnpkg.com/https-proxy-agent/-/https-proxy-agent-4.0.0.tgz#702b71fb5520a132a66de1f67541d9e62154d82b"
    integrity sha512-zoDhWrkR3of1l9QAL8/scJZyLu8j/gBkcwcaQOZh7Gyh/+uJQzGVETdgT30akuwkpL8HTRfssqI3BZuV18teDg==
    dependencies:
      agent-base "5"
      debug "4"
  
  lru_map@^0.3.3:
    version "0.3.3"
    resolved "https://registry.yarnpkg.com/lru_map/-/lru_map-0.3.3.tgz#b5c8351b9464cbd750335a79650a0ec0e56118dd"
    integrity sha1-tcg1G5Rky9dQM1p5ZQoOwOVhGN0=
  
  ms@^2.1.1:
    version "2.1.2"
    resolved "https://registry.yarnpkg.com/ms/-/ms-2.1.2.tgz#d09d1f357b443f493382a8eb3ccd183872ae6009"
    integrity sha512-sGkPx+VjMtmA6MX27oA4FBFELFCZZ4S4XqeGOXCv68tT+jb3vk/RyaKWP0PTKyWtmLSM0b+adUTEvbs1PEaH2w==
  
  tslib@^1.9.3:
    version "1.13.0"
    resolved "https://registry.yarnpkg.com/tslib/-/tslib-1.13.0.tgz#c881e13cc7015894ed914862d276436fa9a47043"
    integrity sha512-i/6DQjL8Xf3be4K/E6Wgpekn5Qasl1usyw++dAA35Ue5orEn65VIxOA+YvNNl9HV3qv70T7CNwjODHZrLwvd1Q==
